<?xml version="1.0" encoding="UTF-8"?>
<!-- Generated by org.testng.reporters.JUnitReportReporter -->
<testsuite hostname="DESKTOP-AI0BKAF" failures="0" tests="2" name="DGHA.MemberAdd" time="45.021" errors="0" timestamp="2024-10-01T16:58:48 BDT" skipped="0">
  <testcase classname="DGHA.MemberAdd" name="searchAndClickLatestHousehold" time="30.105"/>
  <testcase classname="DGHA.MemberAdd" name="fillPregnancyRegistration" time="14.916"/>
</testsuite> <!-- DGHA.MemberAdd -->
