<?xml version="1.0" encoding="UTF-8"?>
<!-- Generated by org.testng.reporters.JUnitReportReporter -->
<testsuite hostname="DESKTOP-AI0BKAF" failures="0" tests="1" name="DGHA.AppTest" time="5.265" errors="0" timestamp="2024-09-26T12:51:36 BDT" skipped="0">
  <testcase classname="DGHA.AppTest" name="configAppium" time="5.265"/>
</testsuite> <!-- DGHA.AppTest -->
